c:\users\alexm\documents\awm\x64\release\awmdll.lib
c:\users\alexm\documents\awm\x64\release\awmdll.exp
c:\users\alexm\documents\awm\awmdll\x64\release\vc142.pdb
c:\users\alexm\documents\awm\awmdll\x64\release\symbols.obj
c:\users\alexm\documents\awm\awmdll\x64\release\awmdll.obj
c:\users\alexm\documents\awm\x64\release\awmdll.dll
c:\users\alexm\documents\awm\awmdll\x64\release\awmdll.iobj
c:\users\alexm\documents\awm\x64\release\awmdll.pdb
c:\users\alexm\documents\awm\awmdll\x64\release\resource.res
c:\users\alexm\documents\awm\awmdll\x64\release\awmdll.ipdb
c:\users\alexm\documents\awm\awmdll\x64\release\awmdll.tlog\awmdll.write.1u.tlog
c:\users\alexm\documents\awm\awmdll\x64\release\awmdll.tlog\cl.command.1.tlog
c:\users\alexm\documents\awm\awmdll\x64\release\awmdll.tlog\cl.read.1.tlog
c:\users\alexm\documents\awm\awmdll\x64\release\awmdll.tlog\cl.write.1.tlog
c:\users\alexm\documents\awm\awmdll\x64\release\awmdll.tlog\link.command.1.tlog
c:\users\alexm\documents\awm\awmdll\x64\release\awmdll.tlog\link.read.1.tlog
c:\users\alexm\documents\awm\awmdll\x64\release\awmdll.tlog\link.write.1.tlog
c:\users\alexm\documents\awm\awmdll\x64\release\awmdll.tlog\rc.command.1.tlog
c:\users\alexm\documents\awm\awmdll\x64\release\awmdll.tlog\rc.read.1.tlog
c:\users\alexm\documents\awm\awmdll\x64\release\awmdll.tlog\rc.write.1.tlog
